<?xml version="1.0" encoding="UTF-8"?>
<testng-results ignored="0" total="1" passed="1" failed="0" skipped="0">
  <reporter-output>
  </reporter-output>
  <suite started-at="2023-01-16T12:52:03 IST" name="Default suite" finished-at="2023-01-16T12:52:33 IST" duration-ms="30242">
    <groups>
    </groups>
    <test started-at="2023-01-16T12:52:03 IST" name="Default test" finished-at="2023-01-16T12:52:33 IST" duration-ms="30242">
      <class name="com_cjc_test.demoblaze">
        <test-method is-config="true" signature="openbrowser()[pri:0, instance:com_cjc_test.demoblaze@4fb3ee4e]" started-at="2023-01-16T12:52:02 IST" name="openbrowser" finished-at="2023-01-16T12:52:03 IST" duration-ms="1114" status="PASS">
          <reporter-output>
          </reporter-output>
        </test-method> <!-- openbrowser -->
        <test-method is-config="true" signature="url()[pri:0, instance:com_cjc_test.demoblaze@4fb3ee4e]" started-at="2023-01-16T12:52:03 IST" name="url" finished-at="2023-01-16T12:52:06 IST" duration-ms="3124" status="PASS">
          <reporter-output>
          </reporter-output>
        </test-method> <!-- url -->
        <test-method is-config="true" signature="window()[pri:0, instance:com_cjc_test.demoblaze@4fb3ee4e]" started-at="2023-01-16T12:52:06 IST" name="window" finished-at="2023-01-16T12:52:06 IST" duration-ms="136" status="PASS">
          <reporter-output>
          </reporter-output>
        </test-method> <!-- window -->
        <test-method signature="signuppage()[pri:0, instance:com_cjc_test.demoblaze@4fb3ee4e]" started-at="2023-01-16T12:52:06 IST" name="signuppage" finished-at="2023-01-16T12:52:33 IST" duration-ms="26956" status="PASS">
          <reporter-output>
          </reporter-output>
        </test-method> <!-- signuppage -->
      </class> <!-- com_cjc_test.demoblaze -->
    </test> <!-- Default test -->
  </suite> <!-- Default suite -->
</testng-results>
